app/build/intermediates/manifest_merge_blame_file/debug/manifest-merger-blame-debug-report.txt
1<?xml version="1.0" encoding="utf-8"?>
2<manifest xmlns:android="http://schemas.android.com/apk/res/android"
3    package="com.example.bicepgamers"
4    android:versionCode="1"
5    android:versionName="1.0" >
6
7    <uses-sdk
8        android:minSdkVersion="21"
8-->src\main\AndroidManifest.xml
9        android:targetSdkVersion="32" />
9-->src\main\AndroidManifest.xml
10
11    <queries>
11-->[androidx.test:runner:1.4.0] AndroidManifest.xml:24:5-28:15
12        <package android:name="androidx.test.orchestrator" />
12-->[androidx.test:runner:1.4.0] AndroidManifest.xml:25:9-62
12-->[androidx.test:runner:1.4.0] AndroidManifest.xml:25:18-59
13        <package android:name="androidx.test.services" />
13-->[androidx.test:runner:1.4.0] AndroidManifest.xml:26:9-58
13-->[androidx.test:runner:1.4.0] AndroidManifest.xml:26:18-55
14        <package android:name="com.google.android.apps.common.testing.services" />
14-->[androidx.test:runner:1.4.0] AndroidManifest.xml:27:9-83
14-->[androidx.test:runner:1.4.0] AndroidManifest.xml:27:18-80
15    </queries>
16
17    <application
17-->src\main\AndroidManifest.xml:5:5-40:19
18        android:allowBackup="true"
18-->src\main\AndroidManifest.xml:6:9-35
19        android:appComponentFactory="androidx.core.app.CoreComponentFactory"
19-->[androidx.core:core:1.7.0] AndroidManifest.xml:24:18-86
20        android:debuggable="true"
21        android:icon="@mipmap/ic_launcher"
21-->src\main\AndroidManifest.xml:7:9-43
22        android:label="@string/app_name"
22-->src\main\AndroidManifest.xml:8:9-41
23        android:roundIcon="@mipmap/ic_launcher_round"
23-->src\main\AndroidManifest.xml:9:9-54
24        android:supportsRtl="true"
24-->src\main\AndroidManifest.xml:10:9-35
25        android:theme="@style/Theme.BicepGamers" >
25-->src\main\AndroidManifest.xml:11:9-49
26        <activity
26-->src\main\AndroidManifest.xml:12:9-21:20
27            android:name="com.example.bicepgamers.GUI.HomePage"
27-->src\main\AndroidManifest.xml:13:13-41
28            android:exported="true"
28-->src\main\AndroidManifest.xml:14:13-36
29            android:label="@string/Games" >
29-->src\main\AndroidManifest.xml:15:13-42
30            <intent-filter>
30-->src\main\AndroidManifest.xml:16:13-20:29
31                <action android:name="android.intent.action.MAIN" />
31-->src\main\AndroidManifest.xml:17:17-69
31-->src\main\AndroidManifest.xml:17:25-66
32
33                <category android:name="android.intent.category.LAUNCHER" />
33-->src\main\AndroidManifest.xml:19:17-77
33-->src\main\AndroidManifest.xml:19:27-74
34            </intent-filter>
35        </activity>
36        <activity
36-->src\main\AndroidManifest.xml:22:9-25:54
37            android:name="com.example.bicepgamers.GUI.ShowAllGames"
37-->src\main\AndroidManifest.xml:23:13-45
38            android:exported="true"
38-->src\main\AndroidManifest.xml:24:13-36
39            android:label="@string/Games" />
39-->src\main\AndroidManifest.xml:25:13-42
40        <activity
40-->src\main\AndroidManifest.xml:26:9-28:48
41            android:name="com.example.bicepgamers.GUI.AddNewGame"
41-->src\main\AndroidManifest.xml:27:13-43
42            android:exported="true" />
42-->src\main\AndroidManifest.xml:28:13-36
43        <activity
43-->src\main\AndroidManifest.xml:29:9-32:56
44            android:name="com.example.bicepgamers.GUI.ShowAllSessions"
44-->src\main\AndroidManifest.xml:30:13-48
45            android:exported="true"
45-->src\main\AndroidManifest.xml:31:13-36
46            android:label="@string/History" />
46-->src\main\AndroidManifest.xml:32:13-44
47        <activity
47-->src\main\AndroidManifest.xml:33:9-36:54
48            android:name="com.example.bicepgamers.GUI.SessionTimer"
48-->src\main\AndroidManifest.xml:34:13-45
49            android:exported="true"
49-->src\main\AndroidManifest.xml:35:13-36
50            android:label="@string/Timer" />
50-->src\main\AndroidManifest.xml:36:13-42
51        <activity
51-->src\main\AndroidManifest.xml:37:9-39:25
52            android:name="com.example.bicepgamers.GUI.ExerciseActivity"
52-->src\main\AndroidManifest.xml:37:19-55
53            android:exported="true" />
53-->src\main\AndroidManifest.xml:38:13-36
54
55        <provider
55-->[androidx.emoji2:emoji2:1.0.0] AndroidManifest.xml:26:9-34:20
56            android:name="androidx.startup.InitializationProvider"
56-->[androidx.emoji2:emoji2:1.0.0] AndroidManifest.xml:27:13-67
57            android:authorities="com.example.bicepgamers.androidx-startup"
57-->[androidx.emoji2:emoji2:1.0.0] AndroidManifest.xml:28:13-68
58            android:exported="false" >
58-->[androidx.emoji2:emoji2:1.0.0] AndroidManifest.xml:29:13-37
59            <meta-data
59-->[androidx.emoji2:emoji2:1.0.0] AndroidManifest.xml:31:13-33:52
60                android:name="androidx.emoji2.text.EmojiCompatInitializer"
60-->[androidx.emoji2:emoji2:1.0.0] AndroidManifest.xml:32:17-75
61                android:value="androidx.startup" />
61-->[androidx.emoji2:emoji2:1.0.0] AndroidManifest.xml:33:17-49
62            <meta-data
62-->[androidx.lifecycle:lifecycle-process:2.4.0] AndroidManifest.xml:31:13-33:52
63                android:name="androidx.lifecycle.ProcessLifecycleInitializer"
63-->[androidx.lifecycle:lifecycle-process:2.4.0] AndroidManifest.xml:32:17-78
64                android:value="androidx.startup" />
64-->[androidx.lifecycle:lifecycle-process:2.4.0] AndroidManifest.xml:33:17-49
65        </provider>
66    </application>
67
68</manifest>